SF:lib\app\features\auth\data\auth_repository_impl.dart
DA:9,1
DA:10,0
DA:12,1
DA:14,2
DA:18,1
DA:20,1
DA:21,1
DA:22,1
DA:23,1
DA:29,0
DA:31,0
DA:35,0
DA:37,0
DA:38,0
DA:39,0
DA:40,0
DA:41,0
DA:42,0
DA:43,0
DA:49,0
DA:51,0
DA:54,0
DA:56,0
DA:58,0
DA:59,0
DA:60,0
DA:61,0
LF:27
LH:8
end_of_record
SF:lib\app\features\auth\domain\user_entity.dart
DA:3,2
DA:12,1
DA:15,1
DA:16,3
DA:17,3
DA:18,3
DA:19,3
DA:21,0
DA:22,0
LF:9
LH:7
end_of_record
SF:lib\app\features\auth\presentation\auth_controller.dart
DA:13,1
DA:21,3
DA:22,0
DA:24,1
DA:25,3
DA:26,2
DA:30,0
DA:36,0
DA:40,1
DA:41,2
DA:43,2
DA:45,2
DA:46,2
DA:48,1
DA:51,0
DA:52,0
DA:54,2
DA:58,1
DA:59,2
DA:61,2
DA:63,5
DA:64,2
DA:66,1
DA:69,0
DA:70,0
DA:72,2
DA:76,1
DA:77,2
DA:78,2
DA:79,2
LF:30
LH:23
end_of_record
SF:lib\app\common\widgets\login_signup\form_divider.dart
DA:7,8
DA:11,0
DA:13,0
DA:14,0
DA:16,0
DA:17,0
DA:18,0
DA:23,0
DA:24,0
DA:25,0
LF:10
LH:1
end_of_record
SF:lib\app\utils\constants\colors.dart
DA:24,0
LF:1
LH:0
end_of_record
SF:lib\app\utils\helpers\helper_functions.dart
DA:6,0
DA:7,0
DA:11,0
DA:16,0
DA:17,0
DA:20,0
DA:21,0
LF:7
LH:0
end_of_record
SF:lib\app\common\widgets\login_signup\login\form_container.dart
DA:13,0
DA:28,0
DA:30,0
DA:31,0
DA:32,0
DA:34,0
DA:35,0
DA:36,0
DA:43,0
DA:44,0
DA:45,0
DA:48,0
DA:49,0
DA:50,0
DA:51,0
DA:53,0
DA:56,0
DA:57,0
DA:58,0
DA:59,0
DA:60,0
DA:62,0
DA:68,0
DA:69,0
DA:71,0
DA:73,0
DA:74,0
DA:75,0
LF:28
LH:0
end_of_record
SF:lib\app\common\widgets\login_signup\login\login_buttom.dart
DA:8,0
DA:23,0
DA:25,0
DA:26,0
DA:30,0
DA:32,0
DA:33,0
DA:34,0
DA:40,0
DA:41,0
DA:43,0
DA:44,0
DA:45,0
LF:13
LH:0
end_of_record
SF:lib\app\common\widgets\login_signup\login\login_form.dart
DA:9,0
DA:16,0
DA:18,0
DA:19,0
DA:20,0
DA:21,0
DA:22,0
DA:23,0
DA:25,0
DA:26,0
DA:29,0
DA:30,0
DA:33,0
DA:34,0
LF:14
LH:0
end_of_record
SF:lib\app\features\auth\presentation\register_screen.dart
DA:10,4
DA:12,0
DA:13,0
DA:24,0
DA:26,0
DA:27,0
DA:28,0
DA:29,0
DA:30,0
DA:33,0
DA:35,0
DA:37,0
DA:38,0
DA:39,0
DA:40,0
DA:47,0
DA:48,0
DA:49,0
DA:50,0
DA:51,0
DA:52,0
DA:53,0
DA:54,0
DA:55,0
DA:56,0
DA:57,0
DA:58,0
DA:59,0
LF:28
LH:1
end_of_record
SF:lib\app\common\widgets\login_signup\login\register_button.dart
DA:6,0
DA:25,0
DA:27,0
DA:28,0
DA:29,0
DA:30,0
DA:31,0
DA:32,0
DA:33,0
LF:9
LH:0
end_of_record
SF:lib\app\common\widgets\login_signup\register\form_container.dart
DA:14,0
DA:33,0
DA:35,0
DA:37,0
DA:38,0
DA:39,0
DA:40,0
DA:41,0
DA:48,0
DA:49,0
DA:50,0
DA:52,0
DA:53,0
DA:54,0
DA:55,0
DA:56,0
DA:57,0
DA:59,0
DA:61,0
DA:62,0
DA:64,0
DA:65,0
DA:66,0
DA:67,0
DA:68,0
DA:69,0
DA:70,0
DA:71,0
DA:80,0
DA:82,0
DA:84,0
DA:86,0
DA:87,0
DA:88,0
LF:34
LH:0
end_of_record
SF:lib\app\common\widgets\login_signup\register\sign_up_form.dart
DA:7,0
DA:22,0
DA:24,0
DA:25,0
DA:26,0
DA:27,0
DA:28,0
DA:29,0
DA:30,0
DA:37,0
DA:38,0
DA:39,0
DA:46,0
DA:47,0
DA:49,0
DA:56,0
DA:57,0
DA:59,0
DA:60,0
LF:19
LH:0
end_of_record
SF:lib\app\features\auth\presentation\login_page.dart
DA:9,5
DA:11,0
DA:12,0
DA:24,0
DA:26,0
DA:27,0
DA:28,0
DA:31,0
DA:33,0
DA:34,0
DA:36,0
DA:45,0
DA:46,0
DA:47,0
DA:48,0
DA:49,0
DA:51,0
DA:53,0
DA:55,0
DA:57,0
DA:59,0
DA:61,0
DA:62,0
DA:65,0
DA:67,0
DA:69,0
DA:74,0
DA:75,0
DA:76,0
DA:77,0
DA:78,0
DA:79,0
LF:32
LH:1
end_of_record
SF:lib\app\common\widgets\login_signup\register\register_header.dart
DA:4,0
DA:11,0
DA:13,0
DA:15,0
DA:17,0
DA:18,0
DA:20,0
DA:22,0
DA:25,0
DA:27,0
DA:29,0
LF:11
LH:0
end_of_record
SF:lib\app\utils\validators\validation.dart
DA:6,0
DA:7,0
DA:8,0
DA:15,0
DA:16,0
DA:24,0
DA:27,0
DA:31,0
DA:32,0
DA:33,0
DA:34,0
DA:45,0
DA:46,0
DA:51,0
DA:53,0
DA:61,0
DA:62,0
DA:67,0
DA:72,0
DA:77,0
DA:82,0
DA:90,0
DA:91,0
DA:96,0
DA:98,0
DA:105,0
DA:109,0
DA:113,0
LF:28
LH:0
end_of_record
SF:lib\app\features\tasks\presentation\tasks_page.dart
DA:8,1
DA:10,0
DA:11,0
DA:18,0
DA:20,0
DA:21,0
DA:22,0
DA:23,0
DA:26,0
DA:28,0
DA:30,0
DA:36,0
DA:37,0
DA:38,0
DA:43,0
DA:44,0
DA:46,0
DA:47,0
DA:56,0
DA:60,0
DA:64,0
DA:76,0
DA:78,0
DA:79,0
DA:80,0
DA:81,0
DA:82,0
DA:85,0
DA:86,0
DA:90,0
DA:91,0
DA:92,0
DA:94,0
DA:95,0
DA:96,0
DA:97,0
DA:101,0
DA:102,0
DA:103,0
DA:106,0
DA:109,0
DA:111,0
DA:112,0
LF:43
LH:1
end_of_record
SF:lib\app\features\tasks\domain\task_entity.dart
DA:11,3
DA:19,1
DA:20,1
DA:22,1
DA:23,1
DA:24,1
DA:25,2
DA:29,1
DA:30,1
DA:31,1
DA:32,1
DA:33,1
DA:34,1
DA:38,1
DA:45,1
DA:46,1
DA:47,0
DA:48,0
DA:49,1
DA:50,1
LF:20
LH:18
end_of_record
SF:lib\app\features\tasks\presentation\task_controller.dart
DA:10,1
DA:17,1
DA:19,2
DA:20,4
DA:22,0
DA:24,2
DA:28,1
DA:29,1
DA:30,1
DA:33,1
DA:36,2
DA:37,1
DA:38,2
DA:40,0
DA:44,1
DA:46,2
DA:47,6
DA:48,2
DA:49,2
DA:51,2
DA:53,0
DA:57,1
DA:59,2
DA:60,5
DA:61,2
DA:63,0
LF:26
LH:22
end_of_record
SF:lib\app\features\tasks\data\task_repository_impl.dart
DA:9,1
DA:10,0
DA:12,1
DA:14,1
DA:15,1
DA:16,1
DA:17,1
DA:18,1
DA:20,1
DA:21,3
DA:22,1
DA:23,1
DA:24,1
DA:26,1
DA:27,2
DA:28,0
DA:30,1
DA:33,1
DA:35,6
DA:36,1
DA:37,1
DA:38,2
DA:42,1
DA:44,1
DA:45,1
DA:46,1
DA:47,1
DA:48,2
DA:49,2
DA:50,1
DA:51,1
DA:55,1
DA:57,1
DA:58,1
DA:59,1
DA:60,1
DA:61,1
DA:62,1
LF:38
LH:36
end_of_record
SF:lib\app\utils\theme\theme.dart
DA:6,0
DA:8,0
DA:13,0
DA:17,0
DA:18,0
DA:25,0
DA:30,0
DA:34,0
DA:35,0
LF:9
LH:0
end_of_record
SF:lib\firebase_options.dart
DA:18,0
DA:20,0
DA:25,0
DA:26,0
DA:28,0
DA:30,0
DA:31,0
DA:35,0
DA:36,0
DA:40,0
DA:41,0
DA:46,0
LF:12
LH:0
end_of_record
SF:lib\main.dart
DA:16,0
DA:17,0
DA:18,0
DA:19,0
DA:22,0
DA:23,0
DA:25,0
DA:26,0
DA:27,0
DA:29,0
DA:30,0
DA:32,0
DA:36,1
DA:38,0
DA:39,0
DA:43,0
DA:45,0
DA:46,0
DA:47,0
DA:48,0
DA:50,0
LF:21
LH:1
end_of_record
